{
  "RSpec": {
    "coverage": {
      "/Users/macinnes/Turing/three_module/assessment/scrabble_web_api/spec/models/play_spec.rb": [
        1,
        null,
        1,
        1,
        1,
        1,
        1,
        1,
        null,
        null,
        null,
        null
      ],
      "/Users/macinnes/Turing/three_module/assessment/scrabble_web_api/app/models/play.rb": [
        1,
        1,
        1,
        null,
        1,
        null,
        1,
        null,
        null,
        null,
        null,
        6,
        null,
        null,
        1,
        null,
        1,
        1,
        6,
        null,
        null,
        null,
        null,
        null
      ],
      "/Users/macinnes/Turing/three_module/assessment/scrabble_web_api/app/models/application_record.rb": [
        1,
        1,
        null
      ],
      "/Users/macinnes/Turing/three_module/assessment/scrabble_web_api/app/controllers/welcome_controller.rb": [
        1,
        1,
        null,
        null
      ],
      "/Users/macinnes/Turing/three_module/assessment/scrabble_web_api/app/controllers/application_controller.rb": [
        1,
        1,
        null
      ],
      "/Users/macinnes/Turing/three_module/assessment/scrabble_web_api/app/controllers/sentences_controller.rb": [
        1,
        null,
        1,
        1,
        null,
        null,
        null
      ],
      "/Users/macinnes/Turing/three_module/assessment/scrabble_web_api/app/models/sentence_results.rb": [
        1,
        null,
        1,
        1,
        null,
        null,
        1,
        1,
        null,
        null,
        1,
        1,
        1,
        1,
        1,
        1,
        null,
        0,
        null,
        null,
        null,
        null,
        1,
        null,
        1,
        1,
        34,
        null,
        null,
        null,
        1,
        1,
        null,
        null,
        null
      ],
      "/Users/macinnes/Turing/three_module/assessment/scrabble_web_api/app/services/oxford_service.rb": [
        1,
        null,
        1,
        1,
        null,
        null,
        1,
        null,
        1,
        1,
        1,
        1,
        1,
        null,
        null,
        null,
        1,
        1,
        null,
        null,
        null
      ],
      "/Users/macinnes/Turing/three_module/assessment/scrabble_web_api/app/models/game.rb": [
        1,
        1,
        1,
        null,
        1,
        null
      ],
      "/Users/macinnes/Turing/three_module/assessment/scrabble_web_api/app/models/user.rb": [
        1,
        1,
        null
      ]
    },
    "timestamp": 1540916738
  }
}
